http://fdfs.xmcdn.com/group55/M0A/C3/A4/wKgLdVykZA-iBwPTAAAg3DkiQ3E517.jpg
1
http://fdfs.xmcdn.com/group55/M0A/C3/A4/wKgLdVykZA-iBwPTAAAg3DkiQ3E517.jpg
2
http://fdfs.xmcdn.com/group56/M00/C1/97/wKgLdlykZGGSq9dhAAB0goneVno799.jpg
3
http://fdfs.xmcdn.com/group55/M04/C3/AF/wKgLdVykZI_Sk2WQAACM4cU4hyA024.jpg
4
http://fdfs.xmcdn.com/group57/M02/C0/DA/wKgLd1ykZLTRng87AACOWY03KTY670.jpg
5
http://fdfs.xmcdn.com/group57/M02/C0/9B/wKgLgVykZNfRXzplAAAg3DkiQ3E384.jpg
6
http://fdfs.xmcdn.com/group55/M09/C3/95/wKgLf1ykZX-DkbREAACobln86PI155.jpg
7
http://fdfs.xmcdn.com/group56/M05/C1/A5/wKgLdlykZayiIscoAAAg3DkiQ3E515.jpg
8
http://fdfs.xmcdn.com/group56/M05/C1/05/wKgLgFykZc2wbUCpAAAg3DkiQ3E945.jpg
9
http://fdfs.xmcdn.com/group57/M03/C0/F2/wKgLd1ykZgiR62xBAAAg3DkiQ3E608.jpg
10
http://fdfs.xmcdn.com/group56/M04/C1/06/wKgLgFykZj_iRn3oAAB0goneVno463.jpg
11
http://fdfs.xmcdn.com/group56/M0B/C1/0C/wKgLgFykZmaDOPnRAACM4cU4hyA119.jpg
12
http://fdfs.xmcdn.com/group57/M0A/C0/B0/wKgLgVykZonCe7wPAACOWY03KTY069.jpg
13
http://fdfs.xmcdn.com/group55/M05/C3/A4/wKgLf1ykZq3iem4FAAAg3DkiQ3E944.jpg
14
http://fdfs.xmcdn.com/group57/M00/C0/FD/wKgLd1ykZtfjzuNcAACobln86PI237.jpg
15
http://fdfs.xmcdn.com/group57/M00/C1/04/wKgLd1ykZv2REa4rAAAg3DkiQ3E890.jpg
16
http://fdfs.xmcdn.com/group55/M07/C3/D5/wKgLdVykZz3yF-S0AAAg3DkiQ3E809.jpg
17
http://fdfs.xmcdn.com/group57/M00/D5/EB/wKgLgVyld1Xwlo7HAAAv4a15Ql4247.gif
18
http://fdfs.xmcdn.com/group57/M0A/D6/49/wKgLd1yld6OiRBWHAAAv4a15Ql4235.gif
19
http://fdfs.xmcdn.com/group57/M03/D5/E0/wKgLgVyldqHxAx2CAAAv4a15Ql4182.gif
20
http://fdfs.xmcdn.com/group57/M05/D5/D8/wKgLgVyldZrBavBWAAAv4a15Ql4620.gif
21
http://fdfs.xmcdn.com/group55/M03/D8/FD/wKgLf1yldu-yi0MfAAAv4a15Ql4893.gif
22
http://fdfs.xmcdn.com/group55/M05/D9/02/wKgLf1yldxvy6RUGAAAv4a15Ql4183.gif
23
http://fdfs.xmcdn.com/group55/M06/D9/53/wKgLdVyleOrgJFhZAAAv4a15Ql4614.gif
24
http://fdfs.xmcdn.com/group56/M08/D6/70/wKgLgFyleHXTgbbWAAAv4a15Ql4912.gif
25
http://fdfs.xmcdn.com/group56/M0B/D6/7A/wKgLgFyleUPCKMgfAAAv4a15Ql4990.gif
26
http://fdfs.xmcdn.com/group55/M00/D9/32/wKgLf1ylebaTVxYcAAAv4a15Ql4866.gif
27
http://fdfs.xmcdn.com/group56/M04/D6/8E/wKgLgFylehyAyDNmAAAv4a15Ql4807.gif
28
http://fdfs.xmcdn.com/group56/M02/D6/93/wKgLgFylesOD0RSfAAAv4a15Ql4614.gif
29
http://fdfs.xmcdn.com/group56/M03/D7/2F/wKgLdlyled_SUkP0AAAv4a15Ql4205.gif
30
http://fdfs.xmcdn.com/group57/M08/D6/0E/wKgLgVyleYWhqrHpAAAv4a15Ql4679.gif
31
http://fdfs.xmcdn.com/group57/M00/D6/19/wKgLgVylelvCIQCbAAAv4a15Ql4126.gif
32
http://fdfs.xmcdn.com/group57/M06/D6/21/wKgLgVylepPQiOIsAAAv4a15Ql4748.gif
33
http://fdfs.xmcdn.com/group57/M00/D7/B8/wKgLgVyllRzQY3GIAAB0goneVno012.jpg
34
http://fdfs.xmcdn.com/group57/M05/D7/C0/wKgLgVyllUGwpdoHAACM4cU4hyA852.jpg
35
http://fdfs.xmcdn.com/group55/M07/DA/FB/wKgLf1ylld_Dcf93AAAg3DkiQ3E645.jpg
36
http://fdfs.xmcdn.com/group57/M06/D8/1C/wKgLd1yllgSw4F7SAAAg3DkiQ3E140.jpg
37
nan
http://fdfs.xmcdn.com/group58/M06/06/51/wKgLc1ysdjvgzGeCAAAg3DkiQ3E772.jpg
38
http://fdfs.xmcdn.com/group60/M0B/06/86/wKgLeVysdryRY0x9AAAg3DkiQ3E360.jpg
39
http://fdfs.xmcdn.com/group66/M02/28/19/wKgMdV2Et06ifPdrAAB0goneVno693.jpg
40
http://fdfs.xmcdn.com/group64/M03/28/A9/wKgMc12Et2GAITm6AACOWY03KTY358.jpg
41
http://fdfs.xmcdn.com/group65/M01/E8/AD/wKgMal2Rq6OzlVcHAAAqy0JbLjo601.jpg
42
http://fdfs.xmcdn.com/group60/M08/07/FD/wKgLeVysf9GjmCEAAAAg3DkiQ3E667.jpg
43
http://fdfs.xmcdn.com/group65/M01/E8/AD/wKgMal2Rq6nBIoVIAAAqy0JbLjo306.jpg
44
http://fdfs.xmcdn.com/group64/M04/88/A2/wKgMc12LEMOzaxPEAAB0goneVno771.jpg
45
http://fdfs.xmcdn.com/group64/M04/88/88/wKgMaV2LEMiQhdW2AAB0goneVno178.jpg
46
http://fdfs.xmcdn.com/group65/M08/86/B2/wKgMdF2LEM6waSEKAACOWY03KTY794.jpg
47
http://fdfs.xmcdn.com/group65/M08/86/C8/wKgMal2LENLgt7OaAACOWY03KTY659.jpg
48
http://fdfs.xmcdn.com/group65/M08/86/C9/wKgMal2LENax44JkAACobln86PI309.jpg
49
http://fdfs.xmcdn.com/group65/M08/86/CA/wKgMal2LENrxWwfkAACobln86PI841.jpg
50
http://fdfs.xmcdn.com/group65/M08/86/CB/wKgMal2LEN7y3MpaAACTPlIdpkc438.jpg
51
http://fdfs.xmcdn.com/group65/M08/86/CB/wKgMal2LEOLyZcn4AACobln86PI185.jpg
52
http://fdfs.xmcdn.com/group60/M05/36/C3/wKgLeVyurheBogTbAACobln86PI083.jpg
53
http://fdfs.xmcdn.com/group60/M07/36/6C/wKgLb1yurlTySqmaAAAg3DkiQ3E191.jpg
54
http://fdfs.xmcdn.com/group58/M09/36/65/wKgLglyurn_TKG6dAAAg3DkiQ3E275.jpg
55
http://fdfs.xmcdn.com/group58/M09/36/6D/wKgLglyurqPSKpS0AAAg3DkiQ3E657.jpg
56
http://fdfs.xmcdn.com/group60/M01/36/D2/wKgLeVyurtHBvgchAAAg3DkiQ3E647.jpg
57
http://fdfs.xmcdn.com/group64/M01/28/DF/wKgMc12EuZfQnD4mAACOWY03KTY932.jpg
58
http://fdfs.xmcdn.com/group64/M01/28/C5/wKgMaV2EuZ6R4i71AACOWY03KTY932.jpg
59
http://fdfs.xmcdn.com/group60/M09/36/82/wKgLb1yur0iQSoaDAAAg3DkiQ3E183.jpg
60
http://fdfs.xmcdn.com/group58/M07/36/B9/wKgLc1yusELCCXtqAACobln86PI571.jpg
61
http://fdfs.xmcdn.com/group60/M07/36/8D/wKgLb1yusJGzT_AwAACobln86PI503.jpg
62
http://fdfs.xmcdn.com/group59/M0B/36/AB/wKgLeFyusMuympERAACobln86PI820.jpg
63
http://fdfs.xmcdn.com/group60/M08/36/F5/wKgLeVyusPGjphj2AACobln86PI682.jpg
64
http://fdfs.xmcdn.com/group60/M06/37/08/wKgLeVyusd-hG_LsAACobln86PI740.jpg
65
http://fdfs.xmcdn.com/group59/M00/36/D5/wKgLeFyus2PBSLUmAAB0goneVno145.jpg
66
http://fdfs.xmcdn.com/group60/M0A/36/CE/wKgLb1yus8GScAxbAAB0goneVno270.jpg
67
http://fdfs.xmcdn.com/group58/M06/36/CA/wKgLglyutDSziEm_AAB0goneVno757.jpg
68
http://fdfs.xmcdn.com/group59/M09/36/F8/wKgLelyus-XyCmgbAACobln86PI323.jpg
69
http://fdfs.xmcdn.com/group59/M0A/36/E4/wKgLeFyutB-SExmgAACobln86PI866.jpg
70
http://fdfs.xmcdn.com/group60/M01/37/2C/wKgLeVyutFCQznQsAACobln86PI915.jpg
71
http://fdfs.xmcdn.com/group60/M01/37/2E/wKgLeVyutFmSOfbmAAB0goneVno000.jpg
72
http://fdfs.xmcdn.com/group59/M02/36/E9/wKgLeFyutIPh5OUAAAB0goneVno484.jpg
73
http://fdfs.xmcdn.com/group59/M02/36/ED/wKgLeFyutJ3gfBs3AAB0goneVno764.jpg
74
http://fdfs.xmcdn.com/group58/M07/37/11/wKgLc1yutSqwNm02AACTPlIdpkc626.jpg
75
http://fdfs.xmcdn.com/group60/M0A/38/C2/wKgLeVyuyRTgv4xwAACobln86PI695.jpg
76
http://fdfs.xmcdn.com/group58/M07/38/A8/wKgLc1yuyZHwAzSnAAB0goneVno352.jpg
77
http://fdfs.xmcdn.com/group59/M0A/38/A1/wKgLelyuyiOAJN6jAAAg3DkiQ3E484.jpg
78
http://fdfs.xmcdn.com/group59/M0B/38/92/wKgLeFyuykqiKxjiAAAg3DkiQ3E793.jpg
79
http://fdfs.xmcdn.com/group60/M02/3A/2E/wKgLb1yu35mwJegMAAB0goneVno612.jpg
80
http://fdfs.xmcdn.com/group59/M06/3A/44/wKgLeFyu372QTVjuAACOWY03KTY189.jpg
81
http://fdfs.xmcdn.com/group58/M01/3A/67/wKgLc1yu3-CRGEv6AACTPlIdpkc811.jpg
82
http://fdfs.xmcdn.com/group60/M00/3A/93/wKgLeVyu4CWQ58LBAACobln86PI742.jpg
83
http://fdfs.xmcdn.com/group59/M04/3A/6D/wKgLelyu4GvgQR4eAACTPlIdpkc612.jpg
84
http://fdfs.xmcdn.com/group58/M06/3A/34/wKgLglyu4JLwPqDlAABtciqh85Q769.jpg
85
http://fdfs.xmcdn.com/group58/M08/3A/3A/wKgLglyu4NbBjRk3AACTPlIdpkc934.jpg
86
http://fdfs.xmcdn.com/group59/M0B/3A/58/wKgLeFyu4OaSiRKmAACTPlIdpkc196.jpg
87
http://fdfs.xmcdn.com/group59/M08/3B/5A/wKgLelyu7TaihD24AACOWY03KTY929.jpg
88
http://fdfs.xmcdn.com/group59/M07/3B/3A/wKgLeFyu7TLxkyYHAACOWY03KTY687.jpg
89
http://fdfs.xmcdn.com/group59/M07/3B/39/wKgLeFyu7S6x5aihAACOWY03KTY221.jpg
90
http://fdfs.xmcdn.com/group60/M02/3B/4F/wKgLeVyu6YbAaMM6AAAqy0JbLjo584.jpg
91
http://fdfs.xmcdn.com/group60/M02/3B/54/wKgLeVyu6Z6zP8fXAAAqy0JbLjo481.jpg
92
http://fdfs.xmcdn.com/group59/M07/3B/38/wKgLeFyu7SvjdyAcAACOWY03KTY805.jpg
93
http://fdfs.xmcdn.com/group59/M08/3B/57/wKgLelyu7SizYCxgAACOWY03KTY501.jpg
94
http://fdfs.xmcdn.com/group58/M0B/3B/2B/wKgLc1yu6hjC58CHAACbqiOPxL0881.jpg
95
http://fdfs.xmcdn.com/group59/M06/3B/20/wKgLelyu6kzCklLYAAAqy0JbLjo077.jpg
96
http://fdfs.xmcdn.com/group60/M08/3A/FB/wKgLb1yu6m-SsKskAACbqiOPxL0252.jpg
97
http://fdfs.xmcdn.com/group60/M08/3B/68/wKgLeVyu6p7C8uYYAAAqy0JbLjo846.jpg
98
http://fdfs.xmcdn.com/group59/M05/3B/09/wKgLeFyu6r7jc83CAACbqiOPxL0501.jpg
99
http://fdfs.xmcdn.com/group59/M07/3B/36/wKgLeFyu7STxalq3AACOWY03KTY079.jpg
100
http://fdfs.xmcdn.com/group58/M01/3A/FC/wKgLglyu6urDjxPeAACOWY03KTY318.jpg
101
http://fdfs.xmcdn.com/group59/M08/3B/55/wKgLelyu7SDiXF_QAACOWY03KTY289.jpg
102
http://fdfs.xmcdn.com/group59/M02/3B/35/wKgLeFyu7RzB-eRcAACOWY03KTY719.jpg
103
http://fdfs.xmcdn.com/group60/M0B/3D/92/wKgLb1yvCyDDMXOUAACobln86PI160.jpg
104
http://fdfs.xmcdn.com/group60/M0B/3D/A2/wKgLb1yvC23AXcebAAB0goneVno069.jpg
105
http://fdfs.xmcdn.com/group58/M03/3D/7C/wKgLglyvC52iyhLTAAB0goneVno587.jpg
106
http://fdfs.xmcdn.com/group58/M07/3D/88/wKgLglyvC8TxUSbIAACOWY03KTY148.jpg
107
http://fdfs.xmcdn.com/group59/M04/3D/A5/wKgLeFyvC_6Dv24AAACOWY03KTY190.jpg
108
http://fdfs.xmcdn.com/group60/M07/3D/A5/wKgLb1yvDBqxhRsVAACobln86PI858.jpg
109
http://fdfs.xmcdn.com/group60/M07/3D/B3/wKgLb1yvDEuyo9DLAACobln86PI183.jpg
110
http://fdfs.xmcdn.com/group59/M03/3D/BB/wKgLeFyvDJHzESzoAACTPlIdpkc600.jpg
111
http://fdfs.xmcdn.com/group60/M05/3E/3E/wKgLb1yvEPWDNQlMAACOWY03KTY844.jpg
112
http://fdfs.xmcdn.com/group64/M04/28/FF/wKgMaV2Eu-ejVCvyAAAg3DkiQ3E126.jpg
113
http://fdfs.xmcdn.com/group64/M08/29/60/wKgMaV2Ev3yz82T5AAAqy0JbLjo528.jpg
114
http://fdfs.xmcdn.com/group65/M01/27/EF/wKgMal2EvJWxspXnAAAg3DkiQ3E696.jpg
115
http://fdfs.xmcdn.com/group59/M0B/3E/4E/wKgLeFyvEZXjQGtTAAB_SWWB85o553.jpg
116
http://fdfs.xmcdn.com/group65/M07/27/DB/wKgMdF2EvKeBUUFoAAAg3DkiQ3E405.jpg
117
http://fdfs.xmcdn.com/group64/M09/29/12/wKgMaV2EvMKhYWidAAAg3DkiQ3E264.jpg
118
http://fdfs.xmcdn.com/group64/M05/29/3A/wKgMc12EvUXRvQk3AACobln86PI059.jpg
119
http://fdfs.xmcdn.com/group66/M03/9A/0F/wKgMdV2MNDjyCz2IAAAqy0JbLjo596.jpg
120
http://fdfs.xmcdn.com/group60/M02/52/C5/wKgLb1ywA9vzKLRpAAB0goneVno343.jpg
121
http://fdfs.xmcdn.com/group59/M03/52/E5/wKgLeFywA-WRhMAqAAB0goneVno155.jpg
122
http://fdfs.xmcdn.com/group59/M03/52/E8/wKgLeFywA--yjeHLAAB0goneVno264.jpg
123
http://fdfs.xmcdn.com/group59/M03/52/EA/wKgLeFywA_qTMYRsAAB0goneVno985.jpg
124
http://fdfs.xmcdn.com/group59/M03/52/EC/wKgLeFywBAThR0WGAAB0goneVno767.jpg
125
http://fdfs.xmcdn.com/group60/M04/52/C6/wKgLb1ywBAvggtZ7AAB0goneVno741.jpg
126
http://fdfs.xmcdn.com/group60/M04/53/2E/wKgLeVywBBfQ7XKiAAB0goneVno098.jpg
127
http://fdfs.xmcdn.com/group60/M04/52/CB/wKgLb1ywBByCHHMwAACOWY03KTY894.jpg
128
http://fdfs.xmcdn.com/group58/M0B/53/2E/wKgLc1ywBFzwls-8AAB0goneVno327.jpg
129
http://fdfs.xmcdn.com/group58/M0B/53/2E/wKgLc1ywBF_jjPF_AAB0goneVno336.jpg
130
http://fdfs.xmcdn.com/group58/M0B/52/EC/wKgLglywBGSxC0-IAACOWY03KTY572.jpg
131
http://fdfs.xmcdn.com/group60/M0A/53/45/wKgLeVywBZyzkib3AAAqy0JbLjo606.jpg
132
http://fdfs.xmcdn.com/group59/M0B/53/0C/wKgLelywBcPiLk-RAAAqy0JbLjo904.jpg
133
http://fdfs.xmcdn.com/group59/M0B/53/09/wKgLeFywBd-i4I88AAAqy0JbLjo436.jpg
134
http://fdfs.xmcdn.com/group58/M05/53/02/wKgLglywBjSAI_zpAACOWY03KTY955.jpg
135
http://fdfs.xmcdn.com/group59/M06/53/10/wKgLeFywBnmDP-VjAAAqy0JbLjo665.jpg
136
http://fdfs.xmcdn.com/group58/M00/53/4D/wKgLc1ywBrii3JOwAACOWY03KTY023.jpg
137
http://fdfs.xmcdn.com/group60/M0B/52/F0/wKgLb1ywBsvgaGhuAAAqy0JbLjo269.jpg
138
http://fdfs.xmcdn.com/group58/M06/53/52/wKgLc1ywBxjiDpbrAAAqy0JbLjo623.jpg
139
http://fdfs.xmcdn.com/group58/M06/53/54/wKgLc1ywBybQ2mPBAAB0goneVno795.jpg
140
http://fdfs.xmcdn.com/group59/M00/53/24/wKgLeFywB2ejtW13AAAqy0JbLjo167.jpg
141
http://fdfs.xmcdn.com/group59/M09/5E/2D/wKgLeFywiSKDxcQWAAAg3DkiQ3E513.jpg
142
http://fdfs.xmcdn.com/group59/M09/5E/3D/wKgLelywiSiQawPVAAAg3DkiQ3E195.jpg
143
http://fdfs.xmcdn.com/group60/M09/5E/56/wKgLeVywiS6x-uoBAAAg3DkiQ3E829.jpg
144
http://fdfs.xmcdn.com/group60/M09/5E/5D/wKgLeVywiTqjGEk1AAAg3DkiQ3E726.jpg
145
http://fdfs.xmcdn.com/group60/M0B/5D/ED/wKgLb1ywiUPBPErBAAAg3DkiQ3E702.jpg
146
http://fdfs.xmcdn.com/group60/M0B/5E/69/wKgLeVywiU-BN9TSAAAg3DkiQ3E588.jpg
147
http://fdfs.xmcdn.com/group60/M0B/5E/6D/wKgLeVywiVaAgZtCAAAg3DkiQ3E553.jpg
148
http://fdfs.xmcdn.com/group59/M03/35/DE/wKgLeFzIJ_zwS692AAB0goneVno246.jpg
149
http://fdfs.xmcdn.com/group60/M02/34/92/wKgLeVzIKEiSTpcaAAB0goneVno121.jpg
150
http://fdfs.xmcdn.com/group58/M08/35/BE/wKgLglzIKI2j0mbyAAB0goneVno286.jpg
151
http://fdfs.xmcdn.com/group60/M06/34/9B/wKgLeVzIKOqSKX-eAACTPlIdpkc242.jpg
152
http://fdfs.xmcdn.com/group59/M0A/35/F2/wKgLeFzIKSrhZXkqAACTPlIdpkc479.jpg
153
http://fdfs.xmcdn.com/group60/M09/34/A6/wKgLeVzIKWuhgGTAAACobln86PI528.jpg
154
http://fdfs.xmcdn.com/group60/M03/34/B2/wKgLeVzIKfqhNYcUAACobln86PI273.jpg
155
http://fdfs.xmcdn.com/group58/M00/35/FD/wKgLc1zIKk7B6sH7AACOWY03KTY445.jpg
156
http://fdfs.xmcdn.com/group58/M09/36/08/wKgLc1zIKneS2Hy_AACOWY03KTY637.jpg
157
http://fdfs.xmcdn.com/group60/M04/34/31/wKgLb1zIKqWyN5WnAACTPlIdpkc580.jpg
158
http://fdfs.xmcdn.com/group59/M01/36/1A/wKgLeFzIKtHQ_nc6AACTPlIdpkc000.jpg
159
http://fdfs.xmcdn.com/group60/M0A/34/C3/wKgLeVzIKvvgULs9AABtciqh85Q896.jpg
160
http://fdfs.xmcdn.com/group60/M0A/34/3D/wKgLb1zIKx6iM5yJAABtciqh85Q398.jpg
161
http://fdfs.xmcdn.com/group60/M09/9F/16/wKgLb1zOo7PAfLikAAAqy0JbLjo896.jpg
162
http://fdfs.xmcdn.com/group58/M09/A1/42/wKgLc1zOo_DQFX8nAAAqy0JbLjo811.jpg
163
http://fdfs.xmcdn.com/group58/M07/A1/4E/wKgLc1zOpHjRTWoFAAAqy0JbLjo659.jpg
164
http://fdfs.xmcdn.com/group60/M04/9F/C0/wKgLeVzOpNjQfhsjAACTPlIdpkc718.jpg
165
http://fdfs.xmcdn.com/group58/M03/A1/5B/wKgLc1zOpPbiDUeJAAAqy0JbLjo806.jpg
166
http://fdfs.xmcdn.com/group59/M0B/A2/18/wKgLelzOpTyxrdrfAABtciqh85Q079.jpg
167
http://fdfs.xmcdn.com/group59/M0B/A2/16/wKgLeFzOpYXTubFrAAAqy0JbLjo600.jpg
168
http://fdfs.xmcdn.com/group59/M06/A2/19/wKgLeFzOpbegVYYyAAAg3DkiQ3E900.jpg
169
http://fdfs.xmcdn.com/group59/M09/A2/1D/wKgLeFzOpdmhvhNLAAAqy0JbLjo558.jpg
170
http://fdfs.xmcdn.com/group60/M05/9F/3D/wKgLb1zOpfCQYPFlAAAqy0JbLjo180.jpg
171
http://fdfs.xmcdn.com/group58/M02/A1/70/wKgLc1zOpheSnToTAAAqy0JbLjo168.jpg
172
http://fdfs.xmcdn.com/group59/M05/A2/30/wKgLelzOpkjgGbVpAAAqy0JbLjo144.jpg
173
http://fdfs.xmcdn.com/group59/M08/A2/4D/wKgLelzOp5fQuYJWAAAqy0JbLjo618.jpg
174
http://fdfs.xmcdn.com/group60/M02/A0/5F/wKgLeVzOq9WQ_mmMAAAqy0JbLjo709.jpg
175
http://fdfs.xmcdn.com/group60/M0A/A0/92/wKgLeVzOrbvDE1FjAACTPlIdpkc325.jpg
176
http://fdfs.xmcdn.com/group58/M02/A1/F6/wKgLglzOreDTQ6F0AAAqy0JbLjo324.jpg
177
http://fdfs.xmcdn.com/group58/M07/A1/FE/wKgLglzOrhKi8Wo5AAAqy0JbLjo704.jpg
178
http://fdfs.xmcdn.com/group59/M04/A2/E8/wKgLelzOri-ypXLqAACTPlIdpkc839.jpg
179
http://fdfs.xmcdn.com/group60/M0A/9F/EE/wKgLb1zOraSTU8ONAAAqy0JbLjo940.jpg
180
http://fdfs.xmcdn.com/group58/M07/A1/F7/wKgLglzOrfnB8vbgAACTPlIdpkc444.jpg
181
http://fdfs.xmcdn.com/group59/M03/A2/E2/wKgLeFzOrlLQwiUoAABtciqh85Q637.jpg
182
http://fdfs.xmcdn.com/group58/M08/A2/3D/wKgLc1zOrp2jL-UPAAAqy0JbLjo516.jpg
183
http://fdfs.xmcdn.com/group59/M08/A2/F0/wKgLelzOruCBgbiiAAAqy0JbLjo917.jpg
184
http://fdfs.xmcdn.com/group58/M01/A2/36/wKgLglzOsGSg8FOzAAAqy0JbLjo814.jpg
185
http://fdfs.xmcdn.com/group60/M07/A0/FC/wKgLeVzOsdyBt_PNAAAqy0JbLjo464.jpg
186
http://fdfs.xmcdn.com/group60/M07/A0/62/wKgLb1zOseGhXjzcAACTPlIdpkc974.jpg
187
http://fdfs.xmcdn.com/group60/M07/A0/63/wKgLb1zOsefSctRnAAAqy0JbLjo839.jpg
188
http://fdfs.xmcdn.com/group60/M07/A0/6D/wKgLb1zOsgWC8T7LAAAqy0JbLjo097.jpg
189
http://fdfs.xmcdn.com/group58/M0A/A2/6D/wKgLglzOsknwxtUCAAAqy0JbLjo126.jpg
190
http://fdfs.xmcdn.com/group58/M0A/A2/9D/wKgLc1zOskTgQJFjAACobln86PI470.jpg
191
http://fdfs.xmcdn.com/group65/M02/9C/12/wKgMal2MaKmifbCHAACe9v_dm9o285.jpg
192
http://fdfs.xmcdn.com/group59/M09/AF/20/wKgLeFzO8RPjjTxEAAAqy0JbLjo319.jpg
193
http://fdfs.xmcdn.com/group60/M0B/AC/65/wKgLb1zO8Qqxla5zAAAqy0JbLjo747.jpg
194
http://fdfs.xmcdn.com/group60/M0B/AD/0E/wKgLeVzO8QKA7ptwAAAqy0JbLjo212.jpg
195
http://fdfs.xmcdn.com/group59/M06/AF/1B/wKgLeFzO8Pmg6ZGGAACTPlIdpkc529.jpg
196
http://fdfs.xmcdn.com/group58/M0A/AE/1D/wKgLglzO8NuxQYndAAAqy0JbLjo161.jpg
197
http://fdfs.xmcdn.com/group60/M0A/AC/5D/wKgLb1zO8NGRM50IAABtciqh85Q238.jpg
198
http://fdfs.xmcdn.com/group59/M00/AF/16/wKgLelzO8LaRw86bAAAqy0JbLjo986.jpg
199
http://fdfs.xmcdn.com/group59/M00/AF/13/wKgLeFzO8MCiIYCCAAAg3DkiQ3E685.jpg
200
http://fdfs.xmcdn.com/group60/M00/AC/D0/wKgLeVzO7_7RXcNrAAAqy0JbLjo909.jpg
201
http://fdfs.xmcdn.com/group58/M02/AE/05/wKgLglzO7_fBWjXtAAAqy0JbLjo881.jpg
202
http://fdfs.xmcdn.com/group58/M02/AD/FE/wKgLglzO7-uyJA-oAAAqy0JbLjo510.jpg
203
http://fdfs.xmcdn.com/group58/M02/AD/F9/wKgLglzO7-GQmJ03AAAqy0JbLjo728.jpg
204
http://fdfs.xmcdn.com/group58/M02/AD/EF/wKgLglzO79Gg4XKdAAAqy0JbLjo237.jpg
205
http://fdfs.xmcdn.com/group60/M0B/AD/65/wKgLeVzO8xyQ6i53AAAqy0JbLjo168.jpg
206
http://fdfs.xmcdn.com/group58/M08/AE/9B/wKgLglzO87OjbFyrAAGOhtD7_lU305.png
207
http://fdfs.xmcdn.com/group59/M08/B0/30/wKgLeFzO98KiPssdAAAqy0JbLjo172.jpg
208
http://fdfs.xmcdn.com/group60/M07/AD/98/wKgLb1zO-SGg3HmSAAAqy0JbLjo927.jpg
209
http://fdfs.xmcdn.com/group59/M03/B0/74/wKgLelzO-WKwWnkAAAAqy0JbLjo535.jpg
210
http://fdfs.xmcdn.com/group59/M09/B1/28/wKgLeFzO_7jDSiOfAACTPlIdpkc859.jpg
211
http://fdfs.xmcdn.com/group58/M05/AF/C6/wKgLc1zO-h7gzSMwAAAqy0JbLjo414.jpg
212
http://fdfs.xmcdn.com/group59/M0B/B0/CE/wKgLeFzO_HvAcGLoAABtciqh85Q649.jpg
213
http://fdfs.xmcdn.com/group59/M09/B0/D0/wKgLeFzO_M7zRU00AAAqy0JbLjo663.jpg
214
http://fdfs.xmcdn.com/group60/M0B/AE/19/wKgLb1zO_QSBerzwAAAg3DkiQ3E915.jpg
215
http://fdfs.xmcdn.com/group58/M0A/AF/E6/wKgLglzO_VfC0Mn5AAAqy0JbLjo110.jpg
216
http://fdfs.xmcdn.com/group59/M07/B0/E3/wKgLeFzO_XbgdWj5AAAqy0JbLjo749.jpg
217
http://fdfs.xmcdn.com/group59/M02/B0/F9/wKgLelzO_dfBIAiNAAAqy0JbLjo276.jpg
218
http://fdfs.xmcdn.com/group58/M08/AF/FA/wKgLglzO_gyiiXc3AAAqy0JbLjo473.jpg
219
http://fdfs.xmcdn.com/group60/M07/AE/E3/wKgLeVzO_k6wWwRFAAAqy0JbLjo796.jpg
220
http://fdfs.xmcdn.com/group58/M05/BC/90/wKgLc1zP-I2SOJS3AACobln86PI448.jpg
221
http://fdfs.xmcdn.com/group58/M05/BC/8F/wKgLc1zP-IfCuvlTAACobln86PI177.jpg
222
http://fdfs.xmcdn.com/group58/M05/BC/8D/wKgLc1zP-IHQ4cbvAACobln86PI712.jpg
223
http://fdfs.xmcdn.com/group58/M05/BC/8B/wKgLc1zP-HjhTEZLAACobln86PI334.jpg
224
http://fdfs.xmcdn.com/group58/M05/BC/89/wKgLc1zP-HDh9gOuAACobln86PI877.jpg
225
http://fdfs.xmcdn.com/group58/M05/BC/88/wKgLc1zP-GizOrj6AACobln86PI179.jpg
226
http://fdfs.xmcdn.com/group60/M0B/C6/48/wKgLeVzQORejlygRAAAqy0JbLjo917.jpg
227
http://fdfs.xmcdn.com/group58/M02/C9/70/wKgLc1zQQfGjOjkiAAAqy0JbLjo837.jpg
228
http://fdfs.xmcdn.com/group59/M02/CA/8C/wKgLelzQQvOBB78AAAB0goneVno197.jpg
229
http://fdfs.xmcdn.com/group59/M09/CB/00/wKgLelzQRWOSfN96AAAqy0JbLjo260.jpg
230
http://fdfs.xmcdn.com/group59/M03/CB/0F/wKgLelzQRbji4LFCAAAqy0JbLjo826.jpg
231
http://fdfs.xmcdn.com/group58/M0A/C9/DE/wKgLglzQRk7xH2dRAAAqy0JbLjo618.jpg
232
http://fdfs.xmcdn.com/group58/M0B/C9/F0/wKgLglzQRpvQIQU3AAAqy0JbLjo828.jpg
233
http://fdfs.xmcdn.com/group59/M08/CB/B1/wKgLeFzQSYXxXunyAACOWY03KTY282.jpg
234
http://fdfs.xmcdn.com/group60/M01/C8/CB/wKgLb1zQSgKgV6lYAAAqy0JbLjo123.jpg
235
http://fdfs.xmcdn.com/group60/M02/C9/8A/wKgLeVzQSpyS69iOAAAqy0JbLjo884.jpg
236
http://fdfs.xmcdn.com/group59/M04/CB/DC/wKgLeFzQSs7TbcHZAAAqy0JbLjo122.jpg
237
http://fdfs.xmcdn.com/group60/M03/20/FA/wKgLeVzVJWazgAL7AAAqy0JbLjo897.jpg
238
http://fdfs.xmcdn.com/group58/M0A/22/6B/wKgLc1zVJYCgUqzIAACe9v_dm9o399.jpg
239
http://fdfs.xmcdn.com/group59/M09/23/A5/wKgLeFzVJcux2VkBAACe9v_dm9o155.jpg
240
http://fdfs.xmcdn.com/group59/M09/23/A7/wKgLeFzVJdKBHrX-AACe9v_dm9o457.jpg
241
http://fdfs.xmcdn.com/group60/M01/20/34/wKgLb1zVJdijqCE_AACe9v_dm9o978.jpg
242
http://fdfs.xmcdn.com/group60/M01/20/FD/wKgLeVzVJd7xQN0XAACe9v_dm9o675.jpg
243
http://fdfs.xmcdn.com/group60/M01/20/36/wKgLb1zVJeSCbZBOAACe9v_dm9o100.jpg
244
http://fdfs.xmcdn.com/group59/M03/23/A8/wKgLeFzVJerwWKQYAACe9v_dm9o690.jpg
245
http://fdfs.xmcdn.com/group59/M03/23/9C/wKgLelzVJfDgH-fNAACe9v_dm9o338.jpg
246
http://fdfs.xmcdn.com/group59/M03/23/AA/wKgLeFzVJffjQnHTAACe9v_dm9o943.jpg
247
http://fdfs.xmcdn.com/group58/M04/22/DB/wKgLglzVLz7yLIj-AAAqy0JbLjo404.jpg
248
http://fdfs.xmcdn.com/group58/M04/22/D7/wKgLglzVLy6STbaYAACobln86PI800.jpg
249
http://fdfs.xmcdn.com/group58/M04/23/09/wKgLc1zVLyqgt26oAACobln86PI856.jpg
250
http://fdfs.xmcdn.com/group58/M04/23/08/wKgLc1zVLyWRy-jfAACobln86PI348.jpg
251
http://fdfs.xmcdn.com/group58/M08/23/07/wKgLc1zVLyDRj2ueAACobln86PI621.jpg
252
http://fdfs.xmcdn.com/group58/M08/22/D4/wKgLglzVLx2xmaE8AACobln86PI396.jpg
253
http://fdfs.xmcdn.com/group58/M08/22/D3/wKgLglzVLxmCgYlMAAAg3DkiQ3E189.jpg
254
http://fdfs.xmcdn.com/group65/M03/AF/F4/wKgMal2No-mzJhpbAACobln86PI521.jpg
255
http://fdfs.xmcdn.com/group65/M03/AF/F5/wKgMal2No-3yOIfsAACobln86PI479.jpg
256
http://fdfs.xmcdn.com/group65/M04/B1/58/wKgMal2NwvDhrKkHAAAqy0JbLjo196.jpg
257
http://fdfs.xmcdn.com/group58/M08/23/D3/wKgLc1zVOwegKycwAACOWY03KTY720.jpg
258
http://fdfs.xmcdn.com/group58/M08/23/AD/wKgLglzVO0OB8BYsAACOWY03KTY514.jpg
259
http://fdfs.xmcdn.com/group60/M02/22/66/wKgLeVzVO3TzPmgcAACOWY03KTY578.jpg
260
http://fdfs.xmcdn.com/group60/M04/22/70/wKgLeVzVO7HReoipAACOWY03KTY568.jpg
261
http://fdfs.xmcdn.com/group60/M0B/21/A6/wKgLb1zVPE7Cb6dDAABtciqh85Q593.jpg
262
http://fdfs.xmcdn.com/group58/M09/23/F9/wKgLc1zVPMjgliQkAABtciqh85Q400.jpg
263
http://fdfs.xmcdn.com/group59/M0B/25/27/wKgLelzVPXuR-kmNAACOWY03KTY392.jpg
264
http://fdfs.xmcdn.com/group60/M03/22/92/wKgLeVzVPe_BB83JAABtciqh85Q723.jpg
265
http://fdfs.xmcdn.com/group60/M00/23/34/wKgLeVzVRX3Ab3jJAAAqy0JbLjo595.jpg
266
http://fdfs.xmcdn.com/group60/M00/23/33/wKgLeVzVRXizb67TAACobln86PI979.jpg
267
http://fdfs.xmcdn.com/group60/M00/23/32/wKgLeVzVRXTwe8XlAACobln86PI847.jpg
268
http://fdfs.xmcdn.com/group60/M00/22/63/wKgLb1zVRW-RUXyMAACobln86PI058.jpg
269
http://fdfs.xmcdn.com/group60/M00/23/2F/wKgLeVzVRWrxHrQ6AACobln86PI425.jpg
270
http://fdfs.xmcdn.com/group58/M08/24/B6/wKgLc1zVRWexK33BAACobln86PI866.jpg
271
http://fdfs.xmcdn.com/group58/M08/24/B5/wKgLc1zVRWOCUvsmAACobln86PI198.jpg
272
http://fdfs.xmcdn.com/group58/M08/24/B4/wKgLc1zVRV3R_xw-AACobln86PI032.jpg
273
http://fdfs.xmcdn.com/group59/M00/26/CC/wKgLelzVUl3j9fPDAAAqy0JbLjo146.jpg
274
http://fdfs.xmcdn.com/group58/M05/25/C9/wKgLc1zVUrrCDui0AAAqy0JbLjo684.jpg
275
http://fdfs.xmcdn.com/group58/M0A/26/04/wKgLc1zVVanxecsKAAAqy0JbLjo695.jpg
276
http://fdfs.xmcdn.com/group60/M09/24/85/wKgLeVzVViDz3JrrAAAqy0JbLjo806.jpg
277
http://fdfs.xmcdn.com/group59/M09/27/22/wKgLelzVVoXgK65DAAAqy0JbLjo530.jpg
278
http://fdfs.xmcdn.com/group60/M04/23/CB/wKgLb1zVVt7g_oxhAAAqy0JbLjo025.jpg
279
http://fdfs.xmcdn.com/group60/M06/23/CD/wKgLb1zVVw7QPyNFAAAqy0JbLjo580.jpg
280
http://fdfs.xmcdn.com/group60/M02/23/D6/wKgLb1zVV5PTfNB-AAAqy0JbLjo337.jpg
281
http://fdfs.xmcdn.com/group60/M03/23/DB/wKgLb1zVV7CT5kTkAAAqy0JbLjo448.jpg
282
http://fdfs.xmcdn.com/group60/M03/CB/C6/wKgLeVzeHu-Qtkh3AAAqy0JbLjo035.jpg
283
http://fdfs.xmcdn.com/group58/M02/CC/EA/wKgLc1zeIZnRzjjmAAAqy0JbLjo971.jpg
284
http://fdfs.xmcdn.com/group58/M02/CC/F9/wKgLglzeIZ7DbZGhAAAqy0JbLjo172.jpg
285
http://fdfs.xmcdn.com/group58/M02/CC/EB/wKgLc1zeIaKzprRHAAAqy0JbLjo358.jpg
286
http://fdfs.xmcdn.com/group58/M02/CC/FB/wKgLglzeIaXCx3puAAAqy0JbLjo740.jpg
287
http://fdfs.xmcdn.com/group58/M02/CC/FC/wKgLglzeIamRKrcPAAAqy0JbLjo101.jpg
288
http://fdfs.xmcdn.com/group58/M02/CC/ED/wKgLc1zeIa7TGAbEAAAqy0JbLjo090.jpg
289
http://fdfs.xmcdn.com/group59/M07/D1/98/wKgLeFzeTr7xgFdsAAAqy0JbLjo093.jpg
290
http://fdfs.xmcdn.com/group58/M04/D0/14/wKgLc1zeUMKD3mUWAAAqy0JbLjo006.jpg
291
http://fdfs.xmcdn.com/group58/M07/D0/26/wKgLglzeUMmgpTigAAAqy0JbLjo445.jpg
292
http://fdfs.xmcdn.com/group60/M00/CF/01/wKgLeVzeUM2TTn3zAAAqy0JbLjo173.jpg
293
http://fdfs.xmcdn.com/group60/M00/CE/66/wKgLb1zeUNDzTniuAAAqy0JbLjo157.jpg
294
http://fdfs.xmcdn.com/group60/M00/CF/02/wKgLeVzeUNTiKdweAAAqy0JbLjo965.jpg
295
http://fdfs.xmcdn.com/group60/M00/CE/68/wKgLb1zeUNiSLvjPAAAqy0JbLjo184.jpg
296
http://fdfs.xmcdn.com/group60/M07/D1/B3/wKgLeVzeeEyzDcb2AAAqy0JbLjo684.jpg
297
http://fdfs.xmcdn.com/group59/M05/D4/69/wKgLeFzeeI7CWWLOAAAqy0JbLjo144.jpg
298
http://fdfs.xmcdn.com/group60/M01/D1/BE/wKgLeVzeeMPzvriaAAAqy0JbLjo872.jpg
299
http://fdfs.xmcdn.com/group58/M05/D2/CE/wKgLglzeePiDVRIRAAAqy0JbLjo339.jpg
300
http://fdfs.xmcdn.com/group60/M02/D1/33/wKgLb1zeeTLhFnZMAAAqy0JbLjo644.jpg
301
http://fdfs.xmcdn.com/group58/M09/D2/D2/wKgLc1zeeXLRLwhtAAAqy0JbLjo777.jpg
302
http://fdfs.xmcdn.com/group60/M0A/13/24/wKgLb1ziDdKTdEl9AAAqy0JbLjo585.jpg
303
http://fdfs.xmcdn.com/group59/M01/16/08/wKgLeFziDhbT20zcAAAqy0JbLjo738.jpg
304
http://fdfs.xmcdn.com/group58/M06/14/97/wKgLglziDkuhG8MpAAAqy0JbLjo344.jpg
305
http://fdfs.xmcdn.com/group60/M00/13/BE/wKgLeVziDpiTXKCEAAAqy0JbLjo194.jpg
306
http://fdfs.xmcdn.com/group59/M0B/16/11/wKgLeFziDtbQD8IOAAAqy0JbLjo179.jpg
307
http://fdfs.xmcdn.com/group58/M05/14/94/wKgLc1ziDxfgvmh8AAAqy0JbLjo322.jpg
308
http://fdfs.xmcdn.com/group65/M0A/B2/0C/wKgMdF2N0lHzF3hwAACTPlIdpkc986.jpg
309
http://fdfs.xmcdn.com/group60/M02/5F/39/wKgLb1zl_SeySRMhAAAqy0JbLjo253.jpg
310
http://fdfs.xmcdn.com/group59/M01/61/FF/wKgLeFzl_T-TAmfhAAAqy0JbLjo146.jpg
311
http://fdfs.xmcdn.com/group58/M02/61/69/wKgLc1zmBeTTetaPAAAqy0JbLjo236.jpg
312
http://fdfs.xmcdn.com/group65/M00/B2/AA/wKgMal2N3HKDikCGAAAg3DkiQ3E047.jpg
313
http://fdfs.xmcdn.com/group59/M01/62/87/wKgLeFzmBhLRqXrpAAAqy0JbLjo292.jpg
314
http://fdfs.xmcdn.com/group65/M06/B2/9F/wKgMdF2N3HuSzp0nAAAg3DkiQ3E071.jpg
315
http://fdfs.xmcdn.com/group60/M03/60/65/wKgLeVzmBkSD3v1uAAAqy0JbLjo835.jpg
316
http://fdfs.xmcdn.com/group64/M09/B4/4D/wKgMc12N3ImDnYpCAAAg3DkiQ3E415.jpg
317
http://fdfs.xmcdn.com/group58/M01/61/5F/wKgLglzmBIugDeuqAAAqy0JbLjo638.jpg
318
http://fdfs.xmcdn.com/group59/M03/6C/F8/wKgLelzmf6iRen-_AAB0goneVno247.jpg
319
http://fdfs.xmcdn.com/group60/M0B/6A/C5/wKgLeVzmf_2y2bblAAB0goneVno613.jpg
320
http://fdfs.xmcdn.com/group60/M02/6A/71/wKgLb1zmgc7DinDoAAB0goneVno327.jpg
321
http://fdfs.xmcdn.com/group58/M0B/6C/35/wKgLc1zmgdOBl4moAAB0goneVno205.jpg
322
http://fdfs.xmcdn.com/group58/M08/6C/10/wKgLc1zmgK_RqHTSAAB0goneVno815.jpg
323
http://fdfs.xmcdn.com/group58/M0B/6C/38/wKgLc1zmgdrD08YuAAB0goneVno713.jpg
324
http://fdfs.xmcdn.com/group58/M08/6C/EF/wKgLglzmhhfiwhsFAAAqy0JbLjo029.jpg
325
http://fdfs.xmcdn.com/group58/M06/6D/27/wKgLglzmh6mhktm_AAAqy0JbLjo252.jpg
326
http://fdfs.xmcdn.com/group58/M06/6D/2E/wKgLglzmh7fSQ-ASAAAqy0JbLjo676.jpg
327
http://fdfs.xmcdn.com/group58/M06/6D/32/wKgLglzmh8DT7jYQAAAqy0JbLjo231.jpg
328
http://fdfs.xmcdn.com/group58/M06/6D/39/wKgLglzmh8zzzUcFAAAqy0JbLjo901.jpg
329
http://fdfs.xmcdn.com/group58/M06/6D/3C/wKgLglzmh9TQ2IThAAAqy0JbLjo344.jpg
330
http://fdfs.xmcdn.com/group59/M0B/6E/2D/wKgLeFzmh92QhprSAAAqy0JbLjo883.jpg
331
http://fdfs.xmcdn.com/group60/M06/7B/C6/wKgLb1znUnbR-oMLAAAqy0JbLjo064.jpg
332
http://fdfs.xmcdn.com/group59/M05/7E/A3/wKgLeFznUsGyzlKtAAAqy0JbLjo303.jpg
333
http://fdfs.xmcdn.com/group58/M08/7D/9F/wKgLglznUyHTc1FQAACTPlIdpkc469.jpg
334
http://fdfs.xmcdn.com/group59/M04/7E/B1/wKgLelznVTOyyRlGAACOWY03KTY652.jpg
335
http://fdfs.xmcdn.com/group58/M0A/7D/DC/wKgLc1znVdSgP4SjAAB0goneVno474.jpg
336
http://fdfs.xmcdn.com/group60/M02/7C/11/wKgLb1znVl2DIgb2AACobln86PI912.jpg
337
http://fdfs.xmcdn.com/group58/M00/7D/E6/wKgLglznVr6zqPkGAACOWY03KTY528.jpg
338
http://fdfs.xmcdn.com/group58/M03/7E/0E/wKgLc1znWMryWfg6AABtciqh85Q975.jpg
339
http://fdfs.xmcdn.com/group59/M08/85/9A/wKgLelznqwCyZx1QAAAqy0JbLjo091.jpg
340
http://fdfs.xmcdn.com/group58/M07/84/D6/wKgLglznrI-ST6RaAAAqy0JbLjo653.jpg
341
http://fdfs.xmcdn.com/group59/M00/85/B3/wKgLelznrJbg_8h_AAAqy0JbLjo269.jpg
342
http://fdfs.xmcdn.com/group59/M00/85/D3/wKgLeFznrJ3RJ9oeAAAqy0JbLjo716.jpg
343
http://fdfs.xmcdn.com/group59/M00/85/B6/wKgLelznrKSxOwFxAAAqy0JbLjo172.jpg
344
http://fdfs.xmcdn.com/group59/M01/85/B8/wKgLelznrKuyMjPOAAAqy0JbLjo801.jpg
345
http://fdfs.xmcdn.com/group59/M01/85/BA/wKgLelznrLTDhvHNAAAqy0JbLjo101.jpg
346
http://fdfs.xmcdn.com/group59/M01/85/DB/wKgLeFznrLzBj0EMAAAqy0JbLjo476.jpg
347
http://fdfs.xmcdn.com/group59/M09/86/7F/wKgLelzntayw-ZiAAABtciqh85Q777.jpg
348
http://fdfs.xmcdn.com/group60/M03/97/B5/wKgLb1zouRCzeBELAAAqy0JbLjo198.jpg
349
http://fdfs.xmcdn.com/group60/M03/97/B7/wKgLb1zouRbhIsvJAAAqy0JbLjo432.jpg
350
http://fdfs.xmcdn.com/group60/M03/97/B8/wKgLb1zouRryW3TvAAAqy0JbLjo143.jpg
351
http://fdfs.xmcdn.com/group60/M03/97/B9/wKgLb1zouR7ywbk8AAAqy0JbLjo674.jpg
352
http://fdfs.xmcdn.com/group60/M03/97/BA/wKgLb1zouSLRJRoIAAAqy0JbLjo547.jpg
353
http://fdfs.xmcdn.com/group60/M03/98/44/wKgLeVzouSWQTdTVAAAqy0JbLjo367.jpg
354
http://fdfs.xmcdn.com/group60/M00/98/8C/wKgLb1zow0bgfIkIAAAqy0JbLjo689.jpg
355
http://fdfs.xmcdn.com/group59/M0A/9B/21/wKgLelzoxPLRe3gvAACobln86PI005.jpg
356
http://fdfs.xmcdn.com/group60/M03/99/2A/wKgLeVzow9iC_DpyAACOWY03KTY670.jpg
357
http://fdfs.xmcdn.com/group59/M0A/9B/1E/wKgLelzoxOmRlXG9AAB0goneVno054.jpg
358
http://fdfs.xmcdn.com/group58/M08/9A/2E/wKgLglzoxFWBs-qJAABtciqh85Q462.jpg
359
http://fdfs.xmcdn.com/group59/M0A/9B/1D/wKgLelzoxOTx_KgBAACTPlIdpkc934.jpg
360
http://fdfs.xmcdn.com/group59/M0A/9B/52/wKgLeFzoxODBQ5RxAAAg3DkiQ3E946.jpg
361
http://fdfs.xmcdn.com/group59/M03/EE/D2/wKgLelzs0UzA8xbhAAAqy0JbLjo744.jpg
362
http://fdfs.xmcdn.com/group60/M03/ED/1F/wKgLeVzs1eOBlSHQAAAqy0JbLjo725.jpg
363
http://fdfs.xmcdn.com/group60/M03/ED/07/wKgLb1zs1gzj2U2KAAAqy0JbLjo031.jpg
364
http://fdfs.xmcdn.com/group59/M07/EF/79/wKgLeFzs1kbCZT2uAAAqy0JbLjo698.jpg
365
http://fdfs.xmcdn.com/group60/M07/ED/0D/wKgLb1zs1rSBWjgYAAAqy0JbLjo189.jpg
366
http://fdfs.xmcdn.com/group59/M04/EF/87/wKgLeFzs1uuix2QCAAAqy0JbLjo329.jpg
367
http://fdfs.xmcdn.com/group58/M09/EE/8A/wKgLglzs10XiigSwAAAqy0JbLjo558.jpg
368
http://fdfs.xmcdn.com/group59/M06/EF/57/wKgLelzs167zoy_nAAAqy0JbLjo389.jpg
369
http://fdfs.xmcdn.com/group58/M00/EE/BC/wKgLc1zs19mj7o-DAAAqy0JbLjo263.jpg
370
http://fdfs.xmcdn.com/group58/M05/10/07/wKgLc1zuWGjAmAIGAAAqy0JbLjo098.jpg
371
http://fdfs.xmcdn.com/group58/M0B/0F/FF/wKgLglzuWTmzW4pfAAAqy0JbLjo138.jpg
372
http://fdfs.xmcdn.com/group59/M09/11/1B/wKgLeFzuWaqRihbeAAAqy0JbLjo154.jpg
373
http://fdfs.xmcdn.com/group58/M09/10/39/wKgLc1zuWgOQygsUAAAqy0JbLjo629.jpg
374
http://fdfs.xmcdn.com/group59/M08/10/FD/wKgLelzuWo3yX13ZAAAqy0JbLjo515.jpg
375
http://fdfs.xmcdn.com/group58/M04/10/32/wKgLglzuWtKRt38zAAAqy0JbLjo381.jpg
376
http://fdfs.xmcdn.com/group59/M00/11/39/wKgLeFzuWx_RVqqOAAAqy0JbLjo377.jpg
377
http://fdfs.xmcdn.com/group59/M0A/11/11/wKgLelzuW2WDzP3rAAAqy0JbLjo752.jpg
378
http://fdfs.xmcdn.com/group58/M03/10/72/wKgLc1zuW6uijMqeAAAqy0JbLjo886.jpg
379
http://fdfs.xmcdn.com/group59/M07/12/82/wKgLeFzuZDChfd6tAAAqy0JbLjo696.jpg
380
http://fdfs.xmcdn.com/group66/M08/7E/EE/wKgMdV2gUrnwU57HAAAqy0JbLjo817.jpg
381
http://fdfs.xmcdn.com/group61/M02/A3/BC/wKgMcF2gUsGjDYm0AAAqy0JbLjo919.jpg
382
http://fdfs.xmcdn.com/group60/M09/10/4A/wKgLeVzuZa7hNWZ_AAAqy0JbLjo824.jpg
383
http://fdfs.xmcdn.com/group58/M0A/11/D9/wKgLc1zuZenx4i_JAAAqy0JbLjo415.jpg
384
http://fdfs.xmcdn.com/group58/M0A/11/CA/wKgLglzuZiTAFq6GAAAqy0JbLjo949.jpg
385
http://fdfs.xmcdn.com/group58/M06/25/C0/wKgLglzvSWCToRdcAAAg3DkiQ3E998.jpg
386
http://fdfs.xmcdn.com/group58/M08/26/30/wKgLc1zvTX3BwmyTAACOWY03KTY279.jpg
387
http://fdfs.xmcdn.com/group60/M07/24/BC/wKgLb1zvTlTzIoQqAAAg3DkiQ3E624.jpg
388
http://fdfs.xmcdn.com/group58/M06/26/34/wKgLglzvTvDgfM2uAACobln86PI480.jpg
389
http://fdfs.xmcdn.com/group60/M07/3E/C7/wKgLb1zwjkiycKjzAAAqy0JbLjo500.jpg
390
http://fdfs.xmcdn.com/group59/M07/41/51/wKgLelzwjn-z726YAAAqy0JbLjo535.jpg
391
http://fdfs.xmcdn.com/group58/M08/3F/F1/wKgLglzwjp6i9KDoAAAqy0JbLjo927.jpg
392
http://fdfs.xmcdn.com/group58/M0B/40/00/wKgLglzwju-jr99iAAAqy0JbLjo440.jpg
393
http://fdfs.xmcdn.com/group60/M06/3E/FE/wKgLeVzwjy7TWbcUAAAqy0JbLjo302.jpg
394
http://fdfs.xmcdn.com/group59/M06/41/5A/wKgLelzwj1SAv9QrAAAqy0JbLjo735.jpg
395
http://fdfs.xmcdn.com/group58/M00/40/A1/wKgLc1zwk8_jECvLAAAqy0JbLjo367.jpg
396
http://fdfs.xmcdn.com/group58/M08/40/67/wKgLglzwlBKzwY0UAAAqy0JbLjo037.jpg
397
http://fdfs.xmcdn.com/group66/M0B/7D/F4/wKgMdV2gHL7wvdxNAAAqy0JbLjo019.jpg
398
http://fdfs.xmcdn.com/group60/M01/3F/42/wKgLb1zwlGWghIytAAAqy0JbLjo907.jpg
399
http://fdfs.xmcdn.com/group60/M02/3F/4D/wKgLb1zwlRCRJO8eAAAqy0JbLjo348.jpg
400
http://fdfs.xmcdn.com/group58/M04/40/73/wKgLglzwlTKSyUknAAAqy0JbLjo790.jpg
401
http://fdfs.xmcdn.com/group59/M0B/41/D0/wKgLelzwlVizdOp5AAAqy0JbLjo562.jpg
402
http://fdfs.xmcdn.com/group58/M07/40/9B/wKgLglzwlyaCs9oNAAAqy0JbLjo385.jpg
403
http://fdfs.xmcdn.com/group59/M08/47/72/wKgLeFzw3NzzwawrAAAqy0JbLjo296.jpg
404
http://fdfs.xmcdn.com/group59/M09/47/61/wKgLelzw3QzDHiFzAAAqy0JbLjo364.jpg
405
http://fdfs.xmcdn.com/group58/M04/45/D9/wKgLglzw3TfiHDi3AAAqy0JbLjo246.jpg
406
http://fdfs.xmcdn.com/group58/M08/45/E2/wKgLglzw3XLB5HtdAAAqy0JbLjo128.jpg
407
http://fdfs.xmcdn.com/group59/M07/47/71/wKgLelzw3buBdr1DAAAqy0JbLjo369.jpg
408
http://fdfs.xmcdn.com/group60/M04/44/C8/wKgLb1zw3fOCu87QAAAqy0JbLjo862.jpg
409
http://fdfs.xmcdn.com/group59/M06/47/D1/wKgLeFzw4P2hWBAGAAAqy0JbLjo714.jpg
410
http://fdfs.xmcdn.com/group60/M01/45/09/wKgLb1zw4SWQJzXYAAAqy0JbLjo678.jpg
411
http://fdfs.xmcdn.com/group58/M0B/46/36/wKgLglzw4VnRC5I5AAAqy0JbLjo332.jpg
412
http://fdfs.xmcdn.com/group60/M0A/45/29/wKgLeVzw4X7jlq4OAAAqy0JbLjo875.jpg
413
http://fdfs.xmcdn.com/group59/M05/47/DF/wKgLeFzw4a2xDvWDAAAqy0JbLjo426.jpg
414
http://fdfs.xmcdn.com/group60/M02/45/32/wKgLeVzw4eTg82jQAAAqy0JbLjo520.jpg
415
http://fdfs.xmcdn.com/group58/M04/46/8D/wKgLc1zw4iDA6si5AAAqy0JbLjo174.jpg
416
http://fdfs.xmcdn.com/group61/M06/04/4E/wKgMcFz2GkLhDZWaAAAqy0JbLjo628.jpg
417
http://fdfs.xmcdn.com/group62/M00/04/59/wKgMZ1z2GsLgrozKAAAqy0JbLjo680.jpg
418
http://fdfs.xmcdn.com/group63/M03/04/95/wKgMclz2HcGRTnnrAAAqy0JbLjo259.jpg
419
http://fdfs.xmcdn.com/group63/M05/04/CC/wKgMclz2IobxguOIAAAqy0JbLjo266.jpg
420
http://fdfs.xmcdn.com/group61/M04/04/BA/wKgMcFz2IuujVoi8AAAqy0JbLjo420.jpg
421
http://fdfs.xmcdn.com/group61/M04/04/CE/wKgMZlz2IvTCaK30AAAqy0JbLjo130.jpg
422
http://fdfs.xmcdn.com/group62/M07/16/55/wKgMZ1z3MFTQGCfPAAAqy0JbLjo007.jpg
423
http://fdfs.xmcdn.com/group61/M01/16/39/wKgMcFz3MFqzF85NAAAqy0JbLjo694.jpg
424
http://fdfs.xmcdn.com/group62/M07/16/5F/wKgMcVz3MF-zycniAAAqy0JbLjo657.jpg
425
http://fdfs.xmcdn.com/group62/M07/16/58/wKgMZ1z3MHPzotaAAAAqy0JbLjo830.jpg
426
http://fdfs.xmcdn.com/group62/M07/16/58/wKgMZ1z3MHjyXDJ9AAAqy0JbLjo573.jpg
427
http://fdfs.xmcdn.com/group62/M07/16/63/wKgMcVz3MH_wPocZAAAqy0JbLjo176.jpg
428
http://fdfs.xmcdn.com/group62/M07/19/DB/wKgMZ1z3c3uinqGNAAAqy0JbLjo309.jpg
429
http://fdfs.xmcdn.com/group62/M07/19/EA/wKgMcVz3c4Tysw4qAAAqy0JbLjo303.jpg
430
http://fdfs.xmcdn.com/group62/M01/19/F4/wKgMcVz3dEKBuy7HAAAqy0JbLjo252.jpg
431
http://fdfs.xmcdn.com/group62/M01/19/F4/wKgMcVz3dEaysu_fAAAqy0JbLjo531.jpg
432
http://fdfs.xmcdn.com/group62/M01/19/F5/wKgMcVz3dEmjNf1VAAAqy0JbLjo700.jpg
433
http://fdfs.xmcdn.com/group63/M06/1A/01/wKgMclz3dE3AcZVyAAAqy0JbLjo855.jpg
434
http://fdfs.xmcdn.com/group63/M06/1A/01/wKgMclz3dFGQOmwqAAAqy0JbLjo892.jpg
435
http://fdfs.xmcdn.com/group63/M06/1A/08/wKgMaFz3dFXCIzkSAAAqy0JbLjo660.jpg
436
http://fdfs.xmcdn.com/group63/M0B/1A/29/wKgMclz3dv3gutXtAAAqy0JbLjo020.jpg
437
http://fdfs.xmcdn.com/group63/M0B/1A/2F/wKgMaFz3dwGwlb7nAAAqy0JbLjo543.jpg
438
http://fdfs.xmcdn.com/group63/M0B/1A/2A/wKgMclz3dwWgsg-0AAAqy0JbLjo791.jpg
439
http://fdfs.xmcdn.com/group63/M0B/1A/31/wKgMaFz3dwmC2c5pAAAqy0JbLjo037.jpg
440
http://fdfs.xmcdn.com/group63/M0B/1A/2C/wKgMclz3dw7gqDfqAAAqy0JbLjo322.jpg
441
http://fdfs.xmcdn.com/group62/M06/1B/8A/wKgMZ1z3joDSixhhAAAqy0JbLjo418.jpg
442
http://fdfs.xmcdn.com/group62/M06/1B/94/wKgMcVz3joSiTcYiAAAqy0JbLjo554.jpg
443
http://fdfs.xmcdn.com/group62/M06/1B/95/wKgMcVz3jojzcY53AAAqy0JbLjo421.jpg
444
http://fdfs.xmcdn.com/group61/M04/1B/8C/wKgMZlz3jozRd4gqAAAqy0JbLjo115.jpg
445
http://fdfs.xmcdn.com/group61/M04/1B/8D/wKgMZlz3jpHQU-86AAAqy0JbLjo100.jpg
446
http://fdfs.xmcdn.com/group63/M02/1B/EE/wKgMclz3kvWiSJQaAAAqy0JbLjo669.jpg
447
http://fdfs.xmcdn.com/group65/M02/7D/67/wKgMal2gJLqDFNzKAAAqy0JbLjo256.jpg
448
http://fdfs.xmcdn.com/group61/M01/1B/D7/wKgMZlz3kv3i_OdkAAAqy0JbLjo314.jpg
449
http://fdfs.xmcdn.com/group61/M07/1B/BC/wKgMcFz3kwGQd5U9AAAqy0JbLjo208.jpg
450
http://fdfs.xmcdn.com/group61/M01/1B/D9/wKgMZlz3kwWQ6qZUAAAqy0JbLjo809.jpg
451
http://fdfs.xmcdn.com/group65/M04/7D/78/wKgMdF2gJLHCUjCrAAAqy0JbLjo139.jpg
452
http://fdfs.xmcdn.com/group61/M0A/1B/BE/wKgMcFz3kwzzbhEmAAAqy0JbLjo694.jpg
453
http://fdfs.xmcdn.com/group61/M0A/1B/BF/wKgMcFz3kxGQuoN8AAAqy0JbLjo115.jpg
454
http://fdfs.xmcdn.com/group62/M09/21/50/wKgMcVz3v2fj87eMAAAqy0JbLjo480.jpg
455
http://fdfs.xmcdn.com/group62/M01/21/4B/wKgMZ1z3v2yDUTwnAAAqy0JbLjo200.jpg
456
